kurotek/build/intermediates/manifest_merge_blame_file/debug/processDebugMainManifest/manifest-merger-blame-debug-report.txt
1<?xml version="1.0" encoding="utf-8"?>
2<manifest xmlns:android="http://schemas.android.com/apk/res/android"
3    package="com.aistudio.dahshacards.uylxtb"
4    android:versionCode="1"
5    android:versionName="1.0" >
6
7    <uses-sdk
7-->INJECTED
8        android:minSdkVersion="24"
8-->INJECTED
9        android:targetSdkVersion="36" />
9-->INJECTED
10
11    <uses-permission android:name="android.permission.RECEIVE_SMS" />
11-->src\main\AndroidManifest.xml:5:5-70
11-->src\main\AndroidManifest.xml:5:22-67
12    <uses-permission android:name="android.permission.READ_SMS" />
12-->src\main\AndroidManifest.xml:6:5-67
12-->src\main\AndroidManifest.xml:6:22-64
13    <uses-permission android:name="android.permission.SEND_SMS" />
13-->src\main\AndroidManifest.xml:7:5-67
13-->src\main\AndroidManifest.xml:7:22-64
14    <uses-permission android:name="android.permission.INTERNET" />
14-->src\main\AndroidManifest.xml:8:5-67
14-->src\main\AndroidManifest.xml:8:22-64
15    <uses-permission android:name="android.permission.ACCESS_NETWORK_STATE" />
15-->src\main\AndroidManifest.xml:9:5-79
15-->src\main\AndroidManifest.xml:9:22-76
16    <uses-permission android:name="android.permission.WAKE_LOCK" />
16-->src\main\AndroidManifest.xml:10:5-68
16-->src\main\AndroidManifest.xml:10:22-65
17    <uses-permission android:name="android.permission.FOREGROUND_SERVICE" />
17-->src\main\AndroidManifest.xml:11:5-77
17-->src\main\AndroidManifest.xml:11:22-74
18    <uses-permission android:name="android.permission.FOREGROUND_SERVICE_DATA_SYNC" />
18-->src\main\AndroidManifest.xml:12:5-87
18-->src\main\AndroidManifest.xml:12:22-84
19    <uses-permission android:name="android.permission.POST_NOTIFICATIONS" />
19-->src\main\AndroidManifest.xml:13:5-77
19-->src\main\AndroidManifest.xml:13:22-74
20
21    <permission
21-->[androidx.core:core:1.18.0] AndroidManifest.xml:22:5-24:47
22        android:name="com.aistudio.dahshacards.uylxtb.DYNAMIC_RECEIVER_NOT_EXPORTED_PERMISSION"
22-->[androidx.core:core:1.18.0] AndroidManifest.xml:23:9-81
23        android:protectionLevel="signature" />
23-->[androidx.core:core:1.18.0] AndroidManifest.xml:24:9-44
24
25    <uses-permission android:name="com.aistudio.dahshacards.uylxtb.DYNAMIC_RECEIVER_NOT_EXPORTED_PERMISSION" />
25-->[androidx.core:core:1.18.0] AndroidManifest.xml:26:5-97
25-->[androidx.core:core:1.18.0] AndroidManifest.xml:26:22-94
26
27    <application
27-->src\main\AndroidManifest.xml:15:5-68:19
28        android:allowBackup="true"
28-->src\main\AndroidManifest.xml:16:9-35
29        android:appComponentFactory="androidx.core.app.CoreComponentFactory"
29-->[androidx.core:core:1.18.0] AndroidManifest.xml:28:18-86
30        android:dataExtractionRules="@xml/data_extraction_rules"
30-->src\main\AndroidManifest.xml:17:9-65
31        android:debuggable="true"
32        android:extractNativeLibs="false"
32-->INJECTED
33        android:fullBackupContent="@xml/backup_rules"
33-->src\main\AndroidManifest.xml:18:9-54
34        android:icon="@mipmap/ic_launcher"
34-->src\main\AndroidManifest.xml:19:9-43
35        android:label="@string/app_name"
35-->src\main\AndroidManifest.xml:20:9-41
36        android:roundIcon="@mipmap/ic_launcher_round"
36-->src\main\AndroidManifest.xml:21:9-54
37        android:supportsRtl="true"
37-->src\main\AndroidManifest.xml:22:9-35
38        android:theme="@style/Theme.MyApplication" >
38-->src\main\AndroidManifest.xml:23:9-51
39        <activity
39-->src\main\AndroidManifest.xml:24:9-35:20
40            android:name="com.example.MainActivity"
40-->src\main\AndroidManifest.xml:25:13-41
41            android:exported="true"
41-->src\main\AndroidManifest.xml:26:13-36
42            android:label="@string/app_name"
42-->src\main\AndroidManifest.xml:27:13-45
43            android:theme="@style/Theme.MyApplication"
43-->src\main\AndroidManifest.xml:28:13-55
44            android:windowSoftInputMode="adjustResize" >
44-->src\main\AndroidManifest.xml:29:13-55
45            <intent-filter>
45-->src\main\AndroidManifest.xml:30:13-34:29
46                <action android:name="android.intent.action.MAIN" />
46-->src\main\AndroidManifest.xml:31:17-69
46-->src\main\AndroidManifest.xml:31:25-66
47
48                <category android:name="android.intent.category.LAUNCHER" />
48-->src\main\AndroidManifest.xml:33:17-77
48-->src\main\AndroidManifest.xml:33:27-74
49            </intent-filter>
50        </activity>
51
52        <receiver
52-->src\main\AndroidManifest.xml:37:9-43:20
53            android:name="com.example.receiver.SmsReceiver"
53-->src\main\AndroidManifest.xml:38:13-49
54            android:exported="true" >
54-->src\main\AndroidManifest.xml:39:13-36
55            <intent-filter android:priority="999" >
55-->src\main\AndroidManifest.xml:40:13-42:29
55-->src\main\AndroidManifest.xml:40:28-50
56                <action android:name="android.provider.Telephony.SMS_RECEIVED" />
56-->src\main\AndroidManifest.xml:41:17-82
56-->src\main\AndroidManifest.xml:41:25-79
57            </intent-filter>
58        </receiver>
59        <receiver
59-->src\main\AndroidManifest.xml:45:9-52:20
60            android:name="com.example.receiver.PendingApprovalReceiver"
60-->src\main\AndroidManifest.xml:46:13-61
61            android:exported="false" >
61-->src\main\AndroidManifest.xml:47:13-37
62            <intent-filter>
62-->src\main\AndroidManifest.xml:48:13-51:29
63                <action android:name="com.example.action.APPROVE_PENDING" />
63-->src\main\AndroidManifest.xml:49:17-77
63-->src\main\AndroidManifest.xml:49:25-74
64                <action android:name="com.example.action.REJECT_PENDING" />
64-->src\main\AndroidManifest.xml:50:17-76
64-->src\main\AndroidManifest.xml:50:25-73
65            </intent-filter>
66        </receiver>
67
68        <service
68-->src\main\AndroidManifest.xml:54:9-57:56
69            android:name="com.example.network.SyncService"
69-->src\main\AndroidManifest.xml:55:13-48
70            android:exported="false"
70-->src\main\AndroidManifest.xml:56:13-37
71            android:foregroundServiceType="dataSync" />
71-->src\main\AndroidManifest.xml:57:13-53
72
73        <provider
73-->INJECTED
74            android:name="androidx.core.content.FileProvider"
74-->src\main\AndroidManifest.xml:60:13-62
75            android:authorities="com.aistudio.dahshacards.uylxtb.fileprovider"
75-->INJECTED
76            android:exported="false"
76-->src\main\AndroidManifest.xml:62:13-37
77            android:grantUriPermissions="true" >
77-->src\main\AndroidManifest.xml:63:13-47
78            <meta-data
78-->src\main\AndroidManifest.xml:64:13-66:54
79                android:name="android.support.FILE_PROVIDER_PATHS"
79-->src\main\AndroidManifest.xml:65:17-67
80                android:resource="@xml/file_paths" />
80-->src\main\AndroidManifest.xml:66:17-51
81        </provider>
82
83        <activity
83-->[androidx.compose.ui:ui-tooling-android:1.7.2] AndroidManifest.xml:23:9-25:39
84            android:name="androidx.compose.ui.tooling.PreviewActivity"
84-->[androidx.compose.ui:ui-tooling-android:1.7.2] AndroidManifest.xml:24:13-71
85            android:exported="true" />
85-->[androidx.compose.ui:ui-tooling-android:1.7.2] AndroidManifest.xml:25:13-36
86
87        <provider
87-->[androidx.emoji2:emoji2:1.3.0] AndroidManifest.xml:24:9-32:20
88            android:name="androidx.startup.InitializationProvider"
88-->[androidx.emoji2:emoji2:1.3.0] AndroidManifest.xml:25:13-67
89            android:authorities="com.aistudio.dahshacards.uylxtb.androidx-startup"
89-->[androidx.emoji2:emoji2:1.3.0] AndroidManifest.xml:26:13-68
90            android:exported="false" >
90-->[androidx.emoji2:emoji2:1.3.0] AndroidManifest.xml:27:13-37
91            <meta-data
91-->[androidx.emoji2:emoji2:1.3.0] AndroidManifest.xml:29:13-31:52
92                android:name="androidx.emoji2.text.EmojiCompatInitializer"
92-->[androidx.emoji2:emoji2:1.3.0] AndroidManifest.xml:30:17-75
93                android:value="androidx.startup" />
93-->[androidx.emoji2:emoji2:1.3.0] AndroidManifest.xml:31:17-49
94            <meta-data
94-->[androidx.lifecycle:lifecycle-process:2.8.7] AndroidManifest.xml:29:13-31:52
95                android:name="androidx.lifecycle.ProcessLifecycleInitializer"
95-->[androidx.lifecycle:lifecycle-process:2.8.7] AndroidManifest.xml:30:17-78
96                android:value="androidx.startup" />
96-->[androidx.lifecycle:lifecycle-process:2.8.7] AndroidManifest.xml:31:17-49
97            <meta-data
97-->[androidx.profileinstaller:profileinstaller:1.4.0] AndroidManifest.xml:29:13-31:52
98                android:name="androidx.profileinstaller.ProfileInstallerInitializer"
98-->[androidx.profileinstaller:profileinstaller:1.4.0] AndroidManifest.xml:30:17-85
99                android:value="androidx.startup" />
99-->[androidx.profileinstaller:profileinstaller:1.4.0] AndroidManifest.xml:31:17-49
100        </provider>
101
102        <activity
102-->[androidx.compose.ui:ui-test-manifest:1.7.2] AndroidManifest.xml:23:9-25:39
103            android:name="androidx.activity.ComponentActivity"
103-->[androidx.compose.ui:ui-test-manifest:1.7.2] AndroidManifest.xml:24:13-63
104            android:exported="true" />
104-->[androidx.compose.ui:ui-test-manifest:1.7.2] AndroidManifest.xml:25:13-36
105
106        <service
106-->[androidx.room:room-runtime-android:2.7.0] AndroidManifest.xml:24:9-28:63
107            android:name="androidx.room.MultiInstanceInvalidationService"
107-->[androidx.room:room-runtime-android:2.7.0] AndroidManifest.xml:25:13-74
108            android:directBootAware="true"
108-->[androidx.room:room-runtime-android:2.7.0] AndroidManifest.xml:26:13-43
109            android:exported="false" />
109-->[androidx.room:room-runtime-android:2.7.0] AndroidManifest.xml:27:13-37
110
111        <receiver
111-->[androidx.profileinstaller:profileinstaller:1.4.0] AndroidManifest.xml:34:9-52:20
112            android:name="androidx.profileinstaller.ProfileInstallReceiver"
112-->[androidx.profileinstaller:profileinstaller:1.4.0] AndroidManifest.xml:35:13-76
113            android:directBootAware="false"
113-->[androidx.profileinstaller:profileinstaller:1.4.0] AndroidManifest.xml:36:13-44
114            android:enabled="true"
114-->[androidx.profileinstaller:profileinstaller:1.4.0] AndroidManifest.xml:37:13-35
115            android:exported="true"
115-->[androidx.profileinstaller:profileinstaller:1.4.0] AndroidManifest.xml:38:13-36
116            android:permission="android.permission.DUMP" >
116-->[androidx.profileinstaller:profileinstaller:1.4.0] AndroidManifest.xml:39:13-57
117            <intent-filter>
117-->[androidx.profileinstaller:profileinstaller:1.4.0] AndroidManifest.xml:40:13-42:29
118                <action android:name="androidx.profileinstaller.action.INSTALL_PROFILE" />
118-->[androidx.profileinstaller:profileinstaller:1.4.0] AndroidManifest.xml:41:17-91
118-->[androidx.profileinstaller:profileinstaller:1.4.0] AndroidManifest.xml:41:25-88
119            </intent-filter>
120            <intent-filter>
120-->[androidx.profileinstaller:profileinstaller:1.4.0] AndroidManifest.xml:43:13-45:29
121                <action android:name="androidx.profileinstaller.action.SKIP_FILE" />
121-->[androidx.profileinstaller:profileinstaller:1.4.0] AndroidManifest.xml:44:17-85
121-->[androidx.profileinstaller:profileinstaller:1.4.0] AndroidManifest.xml:44:25-82
122            </intent-filter>
123            <intent-filter>
123-->[androidx.profileinstaller:profileinstaller:1.4.0] AndroidManifest.xml:46:13-48:29
124                <action android:name="androidx.profileinstaller.action.SAVE_PROFILE" />
124-->[androidx.profileinstaller:profileinstaller:1.4.0] AndroidManifest.xml:47:17-88
124-->[androidx.profileinstaller:profileinstaller:1.4.0] AndroidManifest.xml:47:25-85
125            </intent-filter>
126            <intent-filter>
126-->[androidx.profileinstaller:profileinstaller:1.4.0] AndroidManifest.xml:49:13-51:29
127                <action android:name="androidx.profileinstaller.action.BENCHMARK_OPERATION" />
127-->[androidx.profileinstaller:profileinstaller:1.4.0] AndroidManifest.xml:50:17-95
127-->[androidx.profileinstaller:profileinstaller:1.4.0] AndroidManifest.xml:50:25-92
128            </intent-filter>
129        </receiver>
130    </application>
131
132</manifest>